<?xml version="1.0" encoding="UTF-8"?>
<testsuite xmlns:xsi="http://www.w3.org/2001/XMLSchema-instance" xsi:noNamespaceSchemaLocation="https://maven.apache.org/surefire/maven-surefire-plugin/xsd/surefire-test-report-3.0.xsd" version="3.0" name="com.squirtle.test.SpringBootTestApplicationTests" time="4.087" tests="1" errors="0" skipped="0" failures="0">
  <properties>
[...]
</properties>
  <testcase name="contextLoads" classname="com.squirtle.test.SpringBootTestApplicationTests" time="0.952">
    <system-out><![CDATA[17:22:31.383 [main] INFO org.springframework.test.context.support.AnnotationConfigContextLoaderUtils -- Could not detect default configuration classes for test class [com.squirtle.test.SpringBootTestApplicationTests]: SpringBootTestApplicationTests does not declare any static, non-private, non-final, nested classes annotated with @Configuration.
17:22:31.452 [main] INFO org.springframework.boot.test.context.SpringBootTestContextBootstrapper -- Found @SpringBootConfiguration com.squirtle.test.SpringBootTestApplication for test class com.squirtle.test.SpringBootTestApplicationTests

  .   ____          _            __ _ _
 /\\ / ___'_ __ _ _(_)_ __  __ _ \ \ \ \
( ( )\___ | '_ | '_| | '_ \/ _` | \ \ \ \
 \\/  ___)| |_)| | | | | || (_| |  ) ) ) )
  '  |____| .__|_| |_|_| |_\__, | / / / /
 =========|_|==============|___/=/_/_/_/

 :: Spring Boot ::                (v3.3.1)

2024-12-07T17:22:31.788+08:00  INFO 16860 --- [           main] c.s.test.SpringBootTestApplicationTests  : Starting SpringBootTestApplicationTests using Java 17.0.9 with PID 16860 (started by admin in I:\Project\Study\springBootTest\springBootTest)
2024-12-07T17:22:31.789+08:00  INFO 16860 --- [           main] c.s.test.SpringBootTestApplicationTests  : No active profile set, falling back to 1 default profile: "default"
2024-12-07T17:22:32.531+08:00  WARN 16860 --- [           main] trationDelegate$BeanPostProcessorChecker : Bean 'shiroConfig' of type [com.squirtle.test.main.commons.config.ShiroConfig$$SpringCGLIB$$0] is not eligible for getting processed by all BeanPostProcessors (for example: not eligible for auto-proxying). The currently created BeanPostProcessor [lifecycleBeanPostProcessor] is declared through a non-static factory method on that class; consider declaring it as static instead.
2024-12-07T17:22:32.649+08:00  WARN 16860 --- [           main] trationDelegate$BeanPostProcessorChecker : Bean 'org.springframework.boot.autoconfigure.sql.init.DataSourceInitializationConfiguration' of type [org.springframework.boot.autoconfigure.sql.init.DataSourceInitializationConfiguration] is not eligible for getting processed by all BeanPostProcessors (for example: not eligible for auto-proxying). Is this bean getting eagerly injected into a currently created BeanPostProcessor [persistenceExceptionTranslationPostProcessor]? Check the corresponding BeanPostProcessor declaration and its dependencies.
2024-12-07T17:22:32.650+08:00  WARN 16860 --- [           main] trationDelegate$BeanPostProcessorChecker : Bean 'druidConfig' of type [com.squirtle.test.main.commons.config.DruidConfig$$SpringCGLIB$$0] is not eligible for getting processed by all BeanPostProcessors (for example: not eligible for auto-proxying). Is this bean getting eagerly injected into a currently created BeanPostProcessor [persistenceExceptionTranslationPostProcessor]? Check the corresponding BeanPostProcessor declaration and its dependencies.
2024-12-07T17:22:32.706+08:00  WARN 16860 --- [           main] trationDelegate$BeanPostProcessorChecker : Bean 'druidDataSource' of type [com.alibaba.druid.pool.DruidDataSource] is not eligible for getting processed by all BeanPostProcessors (for example: not eligible for auto-proxying). Is this bean getting eagerly injected into a currently created BeanPostProcessor [persistenceExceptionTranslationPostProcessor]? Check the corresponding BeanPostProcessor declaration and its dependencies.
2024-12-07T17:22:32.711+08:00  WARN 16860 --- [           main] trationDelegate$BeanPostProcessorChecker : Bean 'spring.sql.init-org.springframework.boot.autoconfigure.sql.init.SqlInitializationProperties' of type [org.springframework.boot.autoconfigure.sql.init.SqlInitializationProperties] is not eligible for getting processed by all BeanPostProcessors (for example: not eligible for auto-proxying). Is this bean getting eagerly injected into a currently created BeanPostProcessor [persistenceExceptionTranslationPostProcessor]? Check the corresponding BeanPostProcessor declaration and its dependencies.
2024-12-07T17:22:32.719+08:00  WARN 16860 --- [           main] trationDelegate$BeanPostProcessorChecker : Bean 'dataSourceScriptDatabaseInitializer' of type [org.springframework.boot.autoconfigure.sql.init.SqlDataSourceScriptDatabaseInitializer] is not eligible for getting processed by all BeanPostProcessors (for example: not eligible for auto-proxying). Is this bean getting eagerly injected into a currently created BeanPostProcessor [persistenceExceptionTranslationPostProcessor]? Check the corresponding BeanPostProcessor declaration and its dependencies.
2024-12-07T17:22:32.732+08:00  WARN 16860 --- [           main] trationDelegate$BeanPostProcessorChecker : Bean 'mybatis-plus-com.baomidou.mybatisplus.autoconfigure.MybatisPlusProperties' of type [com.baomidou.mybatisplus.autoconfigure.MybatisPlusProperties] is not eligible for getting processed by all BeanPostProcessors (for example: not eligible for auto-proxying). Is this bean getting eagerly injected into a currently created BeanPostProcessor [persistenceExceptionTranslationPostProcessor]? Check the corresponding BeanPostProcessor declaration and its dependencies.
2024-12-07T17:22:32.741+08:00  WARN 16860 --- [           main] trationDelegate$BeanPostProcessorChecker : Bean 'com.baomidou.mybatisplus.autoconfigure.MybatisPlusAutoConfiguration' of type [com.baomidou.mybatisplus.autoconfigure.MybatisPlusAutoConfiguration] is not eligible for getting processed by all BeanPostProcessors (for example: not eligible for auto-proxying). Is this bean getting eagerly injected into a currently created BeanPostProcessor [persistenceExceptionTranslationPostProcessor]? Check the corresponding BeanPostProcessor declaration and its dependencies.
 _ _   |_  _ _|_. ___ _ |    _ 
| | |\/|_)(_| | |_\  |_)||_|_\ 
     /               |         
                        3.5.7 
2024-12-07T17:22:33.077+08:00  WARN 16860 --- [           main] trationDelegate$BeanPostProcessorChecker : Bean 'sqlSessionFactory' of type [org.apache.ibatis.session.defaults.DefaultSqlSessionFactory] is not eligible for getting processed by all BeanPostProcessors (for example: not eligible for auto-proxying). Is this bean getting eagerly injected into a currently created BeanPostProcessor [persistenceExceptionTranslationPostProcessor]? Check the corresponding BeanPostProcessor declaration and its dependencies.
2024-12-07T17:22:33.081+08:00  WARN 16860 --- [           main] trationDelegate$BeanPostProcessorChecker : Bean 'sqlSessionTemplate' of type [org.mybatis.spring.SqlSessionTemplate] is not eligible for getting processed by all BeanPostProcessors (for example: not eligible for auto-proxying). Is this bean getting eagerly injected into a currently created BeanPostProcessor [persistenceExceptionTranslationPostProcessor]? Check the corresponding BeanPostProcessor declaration and its dependencies.
2024-12-07T17:22:33.081+08:00  WARN 16860 --- [           main] trationDelegate$BeanPostProcessorChecker : Bean 'sysUserMapper' of type [org.mybatis.spring.mapper.MapperFactoryBean] is not eligible for getting processed by all BeanPostProcessors (for example: not eligible for auto-proxying). Is this bean getting eagerly injected into a currently created BeanPostProcessor [persistenceExceptionTranslationPostProcessor]? Check the corresponding BeanPostProcessor declaration and its dependencies.
2024-12-07T17:22:33.083+08:00  WARN 16860 --- [           main] trationDelegate$BeanPostProcessorChecker : Bean 'sysUserMapper' of type [jdk.proxy2.$Proxy77] is not eligible for getting processed by all BeanPostProcessors (for example: not eligible for auto-proxying). Is this bean getting eagerly injected into a currently created BeanPostProcessor [persistenceExceptionTranslationPostProcessor]? Check the corresponding BeanPostProcessor declaration and its dependencies.
2024-12-07T17:22:33.084+08:00  WARN 16860 --- [           main] trationDelegate$BeanPostProcessorChecker : Bean 'sysUserDao' of type [com.squirtle.test.main.dao.SysUserDao] is not eligible for getting processed by all BeanPostProcessors (for example: not eligible for auto-proxying). Is this bean getting eagerly injected into a currently created BeanPostProcessor [persistenceExceptionTranslationPostProcessor]? Check the corresponding BeanPostProcessor declaration and its dependencies.
2024-12-07T17:22:33.085+08:00  WARN 16860 --- [           main] trationDelegate$BeanPostProcessorChecker : Bean 'sysRoleMapper' of type [org.mybatis.spring.mapper.MapperFactoryBean] is not eligible for getting processed by all BeanPostProcessors (for example: not eligible for auto-proxying). Is this bean getting eagerly injected into a currently created BeanPostProcessor [persistenceExceptionTranslationPostProcessor]? Check the corresponding BeanPostProcessor declaration and its dependencies.
2024-12-07T17:22:33.086+08:00  WARN 16860 --- [           main] trationDelegate$BeanPostProcessorChecker : Bean 'sysRoleMapper' of type [jdk.proxy2.$Proxy78] is not eligible for getting processed by all BeanPostProcessors (for example: not eligible for auto-proxying). Is this bean getting eagerly injected into a currently created BeanPostProcessor [persistenceExceptionTranslationPostProcessor]? Check the corresponding BeanPostProcessor declaration and its dependencies.
2024-12-07T17:22:33.086+08:00  WARN 16860 --- [           main] trationDelegate$BeanPostProcessorChecker : Bean 'sysRoleDao' of type [com.squirtle.test.main.dao.SysRoleDao] is not eligible for getting processed by all BeanPostProcessors (for example: not eligible for auto-proxying). Is this bean getting eagerly injected into a currently created BeanPostProcessor [persistenceExceptionTranslationPostProcessor]? Check the corresponding BeanPostProcessor declaration and its dependencies.
2024-12-07T17:22:33.087+08:00  WARN 16860 --- [           main] trationDelegate$BeanPostProcessorChecker : Bean 'sysPermissionMapper' of type [org.mybatis.spring.mapper.MapperFactoryBean] is not eligible for getting processed by all BeanPostProcessors (for example: not eligible for auto-proxying). Is this bean getting eagerly injected into a currently created BeanPostProcessor [persistenceExceptionTranslationPostProcessor]? Check the corresponding BeanPostProcessor declaration and its dependencies.
2024-12-07T17:22:33.088+08:00  WARN 16860 --- [           main] trationDelegate$BeanPostProcessorChecker : Bean 'sysPermissionMapper' of type [jdk.proxy2.$Proxy79] is not eligible for getting processed by all BeanPostProcessors (for example: not eligible for auto-proxying). Is this bean getting eagerly injected into a currently created BeanPostProcessor [persistenceExceptionTranslationPostProcessor]? Check the corresponding BeanPostProcessor declaration and its dependencies.
2024-12-07T17:22:33.088+08:00  WARN 16860 --- [           main] trationDelegate$BeanPostProcessorChecker : Bean 'sysPermissionDao' of type [com.squirtle.test.main.dao.SysPermissionDao] is not eligible for getting processed by all BeanPostProcessors (for example: not eligible for auto-proxying). Is this bean getting eagerly injected into a currently created BeanPostProcessor [persistenceExceptionTranslationPostProcessor]? Check the corresponding BeanPostProcessor declaration and its dependencies.
2024-12-07T17:22:33.088+08:00  WARN 16860 --- [           main] trationDelegate$BeanPostProcessorChecker : Bean 'sysUserServiceImpl' of type [com.squirtle.test.main.service.impl.SysUserServiceImpl] is not eligible for getting processed by all BeanPostProcessors (for example: not eligible for auto-proxying). Is this bean getting eagerly injected into a currently created BeanPostProcessor [persistenceExceptionTranslationPostProcessor]? Check the corresponding BeanPostProcessor declaration and its dependencies.
2024-12-07T17:22:33.089+08:00  WARN 16860 --- [           main] trationDelegate$BeanPostProcessorChecker : Bean 'myShiroRealm' of type [com.squirtle.test.main.commons.config.realm.MyShiroRealm] is not eligible for getting processed by all BeanPostProcessors (for example: not eligible for auto-proxying). Is this bean getting eagerly injected into a currently created BeanPostProcessor [persistenceExceptionTranslationPostProcessor]? Check the corresponding BeanPostProcessor declaration and its dependencies.
2024-12-07T17:22:33.090+08:00  WARN 16860 --- [           main] trationDelegate$BeanPostProcessorChecker : Bean 'securityManager' of type [org.apache.shiro.web.mgt.DefaultWebSecurityManager] is not eligible for getting processed by all BeanPostProcessors (for example: not eligible for auto-proxying). Is this bean getting eagerly injected into a currently created BeanPostProcessor [persistenceExceptionTranslationPostProcessor]? Check the corresponding BeanPostProcessor declaration and its dependencies.
2024-12-07T17:22:33.117+08:00  WARN 16860 --- [           main] trationDelegate$BeanPostProcessorChecker : Bean 'authorizationAttributeSourceAdvisor' of type [org.apache.shiro.spring.security.interceptor.AuthorizationAttributeSourceAdvisor] is not eligible for getting processed by all BeanPostProcessors (for example: not eligible for auto-proxying). Is this bean getting eagerly injected into a currently created BeanPostProcessor []? Check the corresponding BeanPostProcessor declaration and its dependencies.
2024-12-07T17:22:34.368+08:00  INFO 16860 --- [           main] c.s.test.SpringBootTestApplicationTests  : Started SpringBootTestApplicationTests in 2.787 seconds (process running for 3.456)
]]></system-out>
  </testcase>
</testsuite>